<?xml version="1.0" encoding="UTF-8"?>
<robot generator="Robot 7.3 (Python 3.13.3 on win32)" generated="2025-06-11T12:18:58.592479" rpa="false" schemaversion="5">
<suite id="s1" name="Windows" source="C:\Users\skarn\PycharmProjects\PythonProject\JuneRoboFwEGIndia2025\Selenium\Windows.robot">
<test id="s1-t1" name="Extract Text From Nested Frames" line="10">
<kw name="Open Browser" owner="SeleniumLibrary">
<msg time="2025-06-11T12:18:59.060533" level="INFO">Opening browser 'Edge' to base url 'https://the-internet.herokuapp.com/windows'.</msg>
<arg>${url}</arg>
<arg>${browser}</arg>
<doc>Opens a new browser instance to the optional ``url``.</doc>
<status status="PASS" start="2025-06-11T12:18:59.060120" elapsed="8.080915"/>
</kw>
<kw name="Maximize Browser Window" owner="SeleniumLibrary">
<doc>Maximizes current browser window.</doc>
<status status="PASS" start="2025-06-11T12:19:07.142180" elapsed="0.043618"/>
</kw>
<kw name="Click Element" owner="SeleniumLibrary">
<msg time="2025-06-11T12:19:07.187300" level="INFO">Clicking element 'xpath://a[normalize-space()='Click Here']'.</msg>
<arg>xpath://a[normalize-space()='Click Here']</arg>
<doc>Click the element identified by ``locator``.</doc>
<status status="PASS" start="2025-06-11T12:19:07.186779" elapsed="0.178757"/>
</kw>
<kw name="Switch Window" owner="SeleniumLibrary">
<arg>title:New Window</arg>
<doc>Switches to browser window matching ``locator``.</doc>
<status status="PASS" start="2025-06-11T12:19:07.366141" elapsed="0.521887"/>
</kw>
<kw name="Element Text Should Be" owner="SeleniumLibrary">
<msg time="2025-06-11T12:19:07.889314" level="INFO">Verifying element 'xpath://h3[normalize-space()='New Window']' contains exact text 'New Window'.</msg>
<arg>xpath://h3[normalize-space()='New Window']</arg>
<arg>New Window</arg>
<doc>Verifies that element ``locator`` contains exact the text ``expected``.</doc>
<status status="PASS" start="2025-06-11T12:19:07.888827" elapsed="0.037569"/>
</kw>
<kw name="Sleep" owner="BuiltIn">
<msg time="2025-06-11T12:19:09.928066" level="INFO">Slept 2 seconds.</msg>
<arg>2s</arg>
<doc>Pauses the test executed for the given time.</doc>
<status status="PASS" start="2025-06-11T12:19:07.927009" elapsed="2.001444"/>
</kw>
<kw name="Switch Window" owner="SeleniumLibrary">
<arg>title:The Internet</arg>
<doc>Switches to browser window matching ``locator``.</doc>
<status status="PASS" start="2025-06-11T12:19:09.929540" elapsed="0.064862"/>
</kw>
<kw name="Element Text Should Be" owner="SeleniumLibrary">
<msg time="2025-06-11T12:19:09.995602" level="INFO">Verifying element 'xpath://h3[normalize-space()='Opening a new window']' contains exact text 'Opening a new window'.</msg>
<arg>xpath://h3[normalize-space()='Opening a new window']</arg>
<arg>Opening a new window</arg>
<doc>Verifies that element ``locator`` contains exact the text ``expected``.</doc>
<status status="PASS" start="2025-06-11T12:19:09.995095" elapsed="0.046189"/>
</kw>
<kw name="Sleep" owner="BuiltIn">
<msg time="2025-06-11T12:19:12.042990" level="INFO">Slept 2 seconds.</msg>
<arg>2s</arg>
<doc>Pauses the test executed for the given time.</doc>
<status status="PASS" start="2025-06-11T12:19:10.041960" elapsed="2.001316"/>
</kw>
<kw name="Close Browser" owner="SeleniumLibrary">
<doc>Closes the current browser.</doc>
<status status="PASS" start="2025-06-11T12:19:12.044527" elapsed="2.599564"/>
</kw>
<status status="PASS" start="2025-06-11T12:18:59.058654" elapsed="15.586463"/>
</test>
<status status="PASS" start="2025-06-11T12:18:58.595837" elapsed="16.053295"/>
</suite>
<statistics>
<total>
<stat pass="1" fail="0" skip="0">All Tests</stat>
</total>
<tag>
</tag>
<suite>
<stat name="Windows" id="s1" pass="1" fail="0" skip="0">Windows</stat>
</suite>
</statistics>
<errors>
</errors>
</robot>
