<?xml version="1.0" encoding="UTF-8"?>
<robot generator="Robot 7.3 (Python 3.13.3 on win32)" generated="2025-06-12T12:40:10.292871" rpa="false" schemaversion="5">
<suite id="s1" name="TaskDELETE" source="C:\Users\skarn\PycharmProjects\PythonProject\JuneRoboFwEGIndia2025\API\TaskDELETE.robot">
<test id="s1-t1" name="Post request example" line="10">
<kw name="Create Session" owner="RequestsLibrary">
<msg time="2025-06-12T12:40:10.796374" level="INFO">Creating Session using : alias=baseURI, url=https://videogamedb.uk:443/, headers={},                     cookies={}, auth=None, timeout=None, proxies=None, verify=False,                     debug=0 </msg>
<arg>baseURI</arg>
<arg>${base_url}</arg>
<arg>verify=False</arg>
<doc>Create Session: create a HTTP session to a server</doc>
<status status="PASS" start="2025-06-12T12:40:10.795878" elapsed="0.000930"/>
</kw>
<kw name="DELETE On Session" owner="RequestsLibrary">
<msg time="2025-06-12T12:40:11.264261" level="INFO">DELETE Request : url=https://videogamedb.uk:443/api/v2/videogame/1 
 path_url=/api/v2/videogame/1 
 headers={'User-Agent': 'python-requests/2.32.4', 'Accept-Encoding': 'gzip, deflate', 'Accept': '*/*', 'Connection': 'keep-alive', 'Content-Length': '0'} 
 body=None 
 </msg>
<msg time="2025-06-12T12:40:11.264594" level="INFO">DELETE Response : url=https://videogamedb.uk:443/api/v2/videogame/1 
 status=200, reason= 
 headers={'vary': 'Origin, Access-Control-Request-Method, Access-Control-Request-Headers', 'x-content-type-options': 'nosniff', 'x-xss-protection': '1; mode=block', 'cache-control': 'no-cache, no-store, max-age=0, must-revalidate', 'pragma': 'no-cache', 'expires': '0', 'x-frame-options': 'DENY', 'content-type': 'text/plain;charset=UTF-8', 'content-encoding': 'gzip', 'date': 'Thu, 12 Jun 2025 07:10:11 GMT', 'transfer-encoding': 'chunked', 'server': 'Fly/3e8bebaf (2025-06-05)', 'via': '1.1 fly.io, 1.1 fly.io', 'fly-request-id': '01JXHFK3X6CCEC4CTHMJTZHAKH-bom'} 
 body=Video game deleted 
 </msg>
<msg time="2025-06-12T12:40:11.264761" level="INFO">C:\Users\skarn\PycharmProjects\PythonProject\JuneRoboFwEGIndia2025\.venv\Lib\site-packages\urllib3\connectionpool.py:1097: InsecureRequestWarning: Unverified HTTPS request is being made to host 'videogamedb.uk'. Adding certificate verification is strongly advised. See: https://urllib3.readthedocs.io/en/latest/advanced-usage.html#tls-warnings
  warnings.warn(</msg>
<msg time="2025-06-12T12:40:11.265720" level="INFO">${response} = &lt;Response [200]&gt;</msg>
<var>${response}</var>
<arg>baseURI</arg>
<arg>${Servicename}</arg>
<doc>Sends a DELETE request on a previously created HTTP Session.</doc>
<status status="PASS" start="2025-06-12T12:40:10.801410" elapsed="0.464397"/>
</kw>
<kw name="Log" owner="BuiltIn">
<msg time="2025-06-12T12:40:11.267421" level="INFO">&lt;Response [200]&gt;</msg>
<arg>${response}</arg>
<doc>Logs the given message with the given level.</doc>
<status status="PASS" start="2025-06-12T12:40:11.267077" elapsed="0.000431"/>
</kw>
<kw name="Log" owner="BuiltIn">
<msg time="2025-06-12T12:40:11.268647" level="INFO">200</msg>
<arg>${response.status_code}</arg>
<doc>Logs the given message with the given level.</doc>
<status status="PASS" start="2025-06-12T12:40:11.267846" elapsed="0.000882"/>
</kw>
<status status="PASS" start="2025-06-12T12:40:10.794471" elapsed="0.474883"/>
</test>
<status status="PASS" start="2025-06-12T12:40:10.295395" elapsed="0.976054"/>
</suite>
<statistics>
<total>
<stat pass="1" fail="0" skip="0">All Tests</stat>
</total>
<tag>
</tag>
<suite>
<stat name="TaskDELETE" id="s1" pass="1" fail="0" skip="0">TaskDELETE</stat>
</suite>
</statistics>
<errors>
</errors>
</robot>
